TimeQuest Timing Analyzer report for top_seven_seg_decoder
Thu Mar 09 21:21:52 2017
Quartus II 32-bit Version 11.1 Build 259 01/25/2012 Service Pack 2 SJ Web Edition


---------------------
; Table of Contents ;
---------------------
  1. Legal Notice
  2. TimeQuest Timing Analyzer Summary
  3. Parallel Compilation
  4. Clocks
  5. Slow 1100mV 85C Model Fmax Summary
  6. Slow 1100mV 85C Model Setup Summary
  7. Slow 1100mV 85C Model Hold Summary
  8. Slow 1100mV 85C Model Recovery Summary
  9. Slow 1100mV 85C Model Removal Summary
 10. Slow 1100mV 85C Model Minimum Pulse Width Summary
 11. Propagation Delay
 12. Minimum Propagation Delay
 13. Slow 1100mV 0C Model Fmax Summary
 14. Slow 1100mV 0C Model Setup Summary
 15. Slow 1100mV 0C Model Hold Summary
 16. Slow 1100mV 0C Model Recovery Summary
 17. Slow 1100mV 0C Model Removal Summary
 18. Slow 1100mV 0C Model Minimum Pulse Width Summary
 19. Propagation Delay
 20. Minimum Propagation Delay
 21. Fast 1100mV 0C Model Setup Summary
 22. Fast 1100mV 0C Model Hold Summary
 23. Fast 1100mV 0C Model Recovery Summary
 24. Fast 1100mV 0C Model Removal Summary
 25. Fast 1100mV 0C Model Minimum Pulse Width Summary
 26. Propagation Delay
 27. Minimum Propagation Delay
 28. Multicorner Timing Analysis Summary
 29. Progagation Delay
 30. Minimum Progagation Delay
 31. Board Trace Model Assignments
 32. Input Transition Times
 33. Signal Integrity Metrics (Slow 1100mv 0c Model)
 34. Signal Integrity Metrics (Slow 1100mv 85c Model)
 35. Signal Integrity Metrics (Fast 1100mv 0c Model)
 36. Clock Transfers
 37. Report TCCS
 38. Report RSKM
 39. Unconstrained Paths
 40. TimeQuest Timing Analyzer Messages



----------------
; Legal Notice ;
----------------
Copyright (C) 1991-2011 Altera Corporation
Your use of Altera Corporation's design tools, logic functions 
and other software and tools, and its AMPP partner logic 
functions, and any output files from any of the foregoing 
(including device programming or simulation files), and any 
associated documentation or information are expressly subject 
to the terms and conditions of the Altera Program License 
Subscription Agreement, Altera MegaCore Function License 
Agreement, or other applicable license agreement, including, 
without limitation, that your use is for the sole purpose of 
programming logic devices manufactured by Altera and sold by 
Altera or its authorized distributors.  Please refer to the 
applicable agreement for further details.



+--------------------------------------------------------------------------------------+
; TimeQuest Timing Analyzer Summary                                                    ;
+--------------------+-----------------------------------------------------------------+
; Quartus II Version ; Version 11.1 Build 259 01/25/2012 Service Pack 2 SJ Web Edition ;
; Revision Name      ; top_seven_seg_decoder                                           ;
; Device Family      ; Cyclone V                                                       ;
; Device Name        ; 5CGXFC7D6F31C6                                                  ;
; Timing Models      ; Preliminary                                                     ;
; Delay Model        ; Combined                                                        ;
; Rise/Fall Delays   ; Enabled                                                         ;
+--------------------+-----------------------------------------------------------------+


Parallel compilation was disabled, but you have multiple processors available. Enable parallel compilation to reduce compilation time.
+-------------------------------------+
; Parallel Compilation                ;
+----------------------------+--------+
; Processors                 ; Number ;
+----------------------------+--------+
; Number detected on machine ; 4      ;
; Maximum allowed            ; 1      ;
+----------------------------+--------+


----------
; Clocks ;
----------
No clocks to report.


--------------------------------------
; Slow 1100mV 85C Model Fmax Summary ;
--------------------------------------
No paths to report.


---------------------------------------
; Slow 1100mV 85C Model Setup Summary ;
---------------------------------------
No paths to report.


--------------------------------------
; Slow 1100mV 85C Model Hold Summary ;
--------------------------------------
No paths to report.


------------------------------------------
; Slow 1100mV 85C Model Recovery Summary ;
------------------------------------------
No paths to report.


-----------------------------------------
; Slow 1100mV 85C Model Removal Summary ;
-----------------------------------------
No paths to report.


-----------------------------------------------------
; Slow 1100mV 85C Model Minimum Pulse Width Summary ;
-----------------------------------------------------
No paths to report.


+----------------------------------------------------------+
; Propagation Delay                                        ;
+------------+-------------+-------+-------+-------+-------+
; Input Port ; Output Port ; RR    ; RF    ; FR    ; FF    ;
+------------+-------------+-------+-------+-------+-------+
; bin_in[0]  ; led_out[0]  ; 5.517 ; 5.513 ; 5.683 ; 5.719 ;
; bin_in[0]  ; led_out[1]  ; 5.335 ; 5.385 ; 5.501 ; 5.591 ;
; bin_in[0]  ; led_out[2]  ;       ; 5.490 ; 5.579 ;       ;
; bin_in[0]  ; led_out[3]  ; 5.501 ; 5.533 ; 5.668 ; 5.740 ;
; bin_in[0]  ; led_out[4]  ; 5.382 ;       ;       ; 5.666 ;
; bin_in[0]  ; led_out[5]  ; 5.562 ;       ;       ; 5.853 ;
; bin_in[0]  ; led_out[6]  ; 5.638 ; 5.787 ; 5.844 ; 5.986 ;
; bin_in[1]  ; led_out[0]  ; 5.470 ; 5.480 ; 5.665 ; 5.708 ;
; bin_in[1]  ; led_out[1]  ; 5.171 ; 5.317 ; 5.514 ; 5.547 ;
; bin_in[1]  ; led_out[2]  ; 5.414 ;       ;       ; 5.810 ;
; bin_in[1]  ; led_out[3]  ; 5.341 ; 5.461 ; 5.645 ; 5.682 ;
; bin_in[1]  ; led_out[4]  ;       ; 5.561 ; 5.735 ;       ;
; bin_in[1]  ; led_out[5]  ; 5.407 ; 5.576 ; 5.712 ; 5.798 ;
; bin_in[1]  ; led_out[6]  ; 5.612 ; 5.803 ; 5.817 ; 5.961 ;
; bin_in[2]  ; led_out[0]  ; 5.389 ; 5.402 ; 5.538 ; 5.557 ;
; bin_in[2]  ; led_out[1]  ; 5.207 ;       ;       ; 5.428 ;
; bin_in[2]  ; led_out[2]  ; 5.450 ; 5.538 ; 5.600 ; 5.693 ;
; bin_in[2]  ; led_out[3]  ; 5.230 ; 5.276 ; 5.369 ; 5.448 ;
; bin_in[2]  ; led_out[4]  ; 5.427 ; 5.516 ; 5.580 ; 5.674 ;
; bin_in[2]  ; led_out[5]  ; 5.296 ; 5.391 ; 5.437 ; 5.565 ;
; bin_in[2]  ; led_out[6]  ; 5.672 ; 5.823 ; 5.826 ; 5.983 ;
; bin_in[3]  ; led_out[0]  ; 5.537 ; 5.560 ; 5.790 ; 5.800 ;
; bin_in[3]  ; led_out[1]  ; 5.354 ; 5.431 ; 5.605 ; 5.666 ;
; bin_in[3]  ; led_out[2]  ; 5.592 ; 5.690 ; 5.843 ; 5.925 ;
; bin_in[3]  ; led_out[3]  ; 5.523 ; 5.582 ; 5.775 ; 5.821 ;
; bin_in[3]  ; led_out[4]  ;       ; 5.611 ; 5.757 ;       ;
; bin_in[3]  ; led_out[5]  ; 5.529 ; 5.637 ; 5.776 ; 5.871 ;
; bin_in[3]  ; led_out[6]  ; 5.744 ; 5.905 ; 5.994 ; 6.142 ;
+------------+-------------+-------+-------+-------+-------+


+----------------------------------------------------------+
; Minimum Propagation Delay                                ;
+------------+-------------+-------+-------+-------+-------+
; Input Port ; Output Port ; RR    ; RF    ; FR    ; FF    ;
+------------+-------------+-------+-------+-------+-------+
; bin_in[0]  ; led_out[0]  ; 5.153 ; 5.164 ; 5.325 ; 5.354 ;
; bin_in[0]  ; led_out[1]  ; 4.982 ; 5.044 ; 5.155 ; 5.233 ;
; bin_in[0]  ; led_out[2]  ;       ; 5.163 ; 5.249 ;       ;
; bin_in[0]  ; led_out[3]  ; 5.138 ; 5.182 ; 5.310 ; 5.372 ;
; bin_in[0]  ; led_out[4]  ; 5.057 ;       ;       ; 5.333 ;
; bin_in[0]  ; led_out[5]  ; 5.192 ;       ;       ; 5.475 ;
; bin_in[0]  ; led_out[6]  ; 5.217 ; 5.423 ; 5.447 ; 5.615 ;
; bin_in[1]  ; led_out[0]  ; 5.138 ; 5.157 ; 5.332 ; 5.372 ;
; bin_in[1]  ; led_out[1]  ; 4.865 ; 4.994 ; 5.171 ; 5.220 ;
; bin_in[1]  ; led_out[2]  ; 5.090 ;       ;       ; 5.464 ;
; bin_in[1]  ; led_out[3]  ; 5.018 ; 5.139 ; 5.318 ; 5.342 ;
; bin_in[1]  ; led_out[4]  ;       ; 5.217 ; 5.373 ;       ;
; bin_in[1]  ; led_out[5]  ; 5.076 ; 5.243 ; 5.377 ; 5.447 ;
; bin_in[1]  ; led_out[6]  ; 5.259 ; 5.445 ; 5.469 ; 5.608 ;
; bin_in[2]  ; led_out[0]  ; 5.049 ; 5.067 ; 5.196 ; 5.218 ;
; bin_in[2]  ; led_out[1]  ; 4.878 ;       ;       ; 5.097 ;
; bin_in[2]  ; led_out[2]  ; 5.103 ; 5.192 ; 5.251 ; 5.343 ;
; bin_in[2]  ; led_out[3]  ; 4.917 ; 4.969 ; 5.059 ; 5.132 ;
; bin_in[2]  ; led_out[4]  ; 5.079 ; 5.168 ; 5.230 ; 5.322 ;
; bin_in[2]  ; led_out[5]  ; 4.975 ; 5.073 ; 5.120 ; 5.239 ;
; bin_in[2]  ; led_out[6]  ; 5.291 ; 5.437 ; 5.444 ; 5.593 ;
; bin_in[3]  ; led_out[0]  ; 5.203 ; 5.228 ; 5.444 ; 5.459 ;
; bin_in[3]  ; led_out[1]  ; 5.037 ; 5.113 ; 5.277 ; 5.338 ;
; bin_in[3]  ; led_out[2]  ; 5.257 ; 5.353 ; 5.498 ; 5.579 ;
; bin_in[3]  ; led_out[3]  ; 5.188 ; 5.246 ; 5.429 ; 5.477 ;
; bin_in[3]  ; led_out[4]  ;       ; 5.277 ; 5.416 ;       ;
; bin_in[3]  ; led_out[5]  ; 5.193 ; 5.297 ; 5.429 ; 5.523 ;
; bin_in[3]  ; led_out[6]  ; 5.388 ; 5.540 ; 5.627 ; 5.769 ;
+------------+-------------+-------+-------+-------+-------+


-------------------------------------
; Slow 1100mV 0C Model Fmax Summary ;
-------------------------------------
No paths to report.


--------------------------------------
; Slow 1100mV 0C Model Setup Summary ;
--------------------------------------
No paths to report.


-------------------------------------
; Slow 1100mV 0C Model Hold Summary ;
-------------------------------------
No paths to report.


-----------------------------------------
; Slow 1100mV 0C Model Recovery Summary ;
-----------------------------------------
No paths to report.


----------------------------------------
; Slow 1100mV 0C Model Removal Summary ;
----------------------------------------
No paths to report.


----------------------------------------------------
; Slow 1100mV 0C Model Minimum Pulse Width Summary ;
----------------------------------------------------
No paths to report.


+----------------------------------------------------------+
; Propagation Delay                                        ;
+------------+-------------+-------+-------+-------+-------+
; Input Port ; Output Port ; RR    ; RF    ; FR    ; FF    ;
+------------+-------------+-------+-------+-------+-------+
; bin_in[0]  ; led_out[0]  ; 5.338 ; 5.372 ; 5.492 ; 5.568 ;
; bin_in[0]  ; led_out[1]  ; 5.186 ; 5.257 ; 5.340 ; 5.453 ;
; bin_in[0]  ; led_out[2]  ;       ; 5.337 ; 5.384 ;       ;
; bin_in[0]  ; led_out[3]  ; 5.317 ; 5.385 ; 5.469 ; 5.579 ;
; bin_in[0]  ; led_out[4]  ; 5.204 ;       ;       ; 5.509 ;
; bin_in[0]  ; led_out[5]  ; 5.397 ;       ;       ; 5.705 ;
; bin_in[0]  ; led_out[6]  ; 5.459 ; 5.641 ; 5.656 ; 5.832 ;
; bin_in[1]  ; led_out[0]  ; 5.279 ; 5.327 ; 5.462 ; 5.545 ;
; bin_in[1]  ; led_out[1]  ; 5.017 ; 5.189 ; 5.345 ; 5.398 ;
; bin_in[1]  ; led_out[2]  ; 5.236 ;       ;       ; 5.645 ;
; bin_in[1]  ; led_out[3]  ; 5.151 ; 5.311 ; 5.438 ; 5.511 ;
; bin_in[1]  ; led_out[4]  ;       ; 5.423 ; 5.547 ;       ;
; bin_in[1]  ; led_out[5]  ; 5.236 ; 5.439 ; 5.523 ; 5.639 ;
; bin_in[1]  ; led_out[6]  ; 5.437 ; 5.665 ; 5.620 ; 5.798 ;
; bin_in[2]  ; led_out[0]  ; 5.215 ; 5.267 ; 5.349 ; 5.407 ;
; bin_in[2]  ; led_out[1]  ; 5.062 ;       ;       ; 5.292 ;
; bin_in[2]  ; led_out[2]  ; 5.283 ; 5.402 ; 5.417 ; 5.541 ;
; bin_in[2]  ; led_out[3]  ; 5.040 ; 5.122 ; 5.166 ; 5.283 ;
; bin_in[2]  ; led_out[4]  ; 5.266 ; 5.387 ; 5.402 ; 5.528 ;
; bin_in[2]  ; led_out[5]  ; 5.126 ; 5.251 ; 5.252 ; 5.412 ;
; bin_in[2]  ; led_out[6]  ; 5.510 ; 5.695 ; 5.646 ; 5.837 ;
; bin_in[3]  ; led_out[0]  ; 5.314 ; 5.376 ; 5.571 ; 5.619 ;
; bin_in[3]  ; led_out[1]  ; 5.160 ; 5.259 ; 5.415 ; 5.498 ;
; bin_in[3]  ; led_out[2]  ; 5.376 ; 5.504 ; 5.631 ; 5.743 ;
; bin_in[3]  ; led_out[3]  ; 5.293 ; 5.389 ; 5.550 ; 5.632 ;
; bin_in[3]  ; led_out[4]  ;       ; 5.427 ; 5.551 ;       ;
; bin_in[3]  ; led_out[5]  ; 5.316 ; 5.455 ; 5.571 ; 5.696 ;
; bin_in[3]  ; led_out[6]  ; 5.530 ; 5.725 ; 5.785 ; 5.966 ;
+------------+-------------+-------+-------+-------+-------+


+----------------------------------------------------------+
; Minimum Propagation Delay                                ;
+------------+-------------+-------+-------+-------+-------+
; Input Port ; Output Port ; RR    ; RF    ; FR    ; FF    ;
+------------+-------------+-------+-------+-------+-------+
; bin_in[0]  ; led_out[0]  ; 5.020 ; 5.067 ; 5.179 ; 5.244 ;
; bin_in[0]  ; led_out[1]  ; 4.875 ; 4.957 ; 5.034 ; 5.134 ;
; bin_in[0]  ; led_out[2]  ;       ; 5.054 ; 5.102 ;       ;
; bin_in[0]  ; led_out[3]  ; 5.000 ; 5.079 ; 5.158 ; 5.255 ;
; bin_in[0]  ; led_out[4]  ; 4.929 ;       ;       ; 5.222 ;
; bin_in[0]  ; led_out[5]  ; 5.075 ;       ;       ; 5.371 ;
; bin_in[0]  ; led_out[6]  ; 5.088 ; 5.330 ; 5.309 ; 5.510 ;
; bin_in[1]  ; led_out[0]  ; 4.996 ; 5.050 ; 5.178 ; 5.255 ;
; bin_in[1]  ; led_out[1]  ; 4.754 ; 4.907 ; 5.044 ; 5.113 ;
; bin_in[1]  ; led_out[2]  ; 4.960 ;       ;       ; 5.344 ;
; bin_in[1]  ; led_out[3]  ; 4.876 ; 5.034 ; 5.158 ; 5.216 ;
; bin_in[1]  ; led_out[4]  ;       ; 5.126 ; 5.232 ;       ;
; bin_in[1]  ; led_out[5]  ; 4.956 ; 5.153 ; 5.237 ; 5.334 ;
; bin_in[1]  ; led_out[6]  ; 5.138 ; 5.359 ; 5.325 ; 5.497 ;
; bin_in[2]  ; led_out[0]  ; 4.918 ; 4.973 ; 5.049 ; 5.107 ;
; bin_in[2]  ; led_out[1]  ; 4.774 ;       ;       ; 4.997 ;
; bin_in[2]  ; led_out[2]  ; 4.981 ; 5.096 ; 5.111 ; 5.230 ;
; bin_in[2]  ; led_out[3]  ; 4.771 ; 4.857 ; 4.900 ; 5.009 ;
; bin_in[2]  ; led_out[4]  ; 4.964 ; 5.082 ; 5.095 ; 5.217 ;
; bin_in[2]  ; led_out[5]  ; 4.852 ; 4.977 ; 4.980 ; 5.128 ;
; bin_in[2]  ; led_out[6]  ; 5.178 ; 5.357 ; 5.310 ; 5.492 ;
; bin_in[3]  ; led_out[0]  ; 5.036 ; 5.097 ; 5.279 ; 5.329 ;
; bin_in[3]  ; led_out[1]  ; 4.896 ; 4.993 ; 5.138 ; 5.220 ;
; bin_in[3]  ; led_out[2]  ; 5.099 ; 5.222 ; 5.341 ; 5.449 ;
; bin_in[3]  ; led_out[3]  ; 5.016 ; 5.109 ; 5.259 ; 5.341 ;
; bin_in[3]  ; led_out[4]  ;       ; 5.150 ; 5.264 ;       ;
; bin_in[3]  ; led_out[5]  ; 5.038 ; 5.170 ; 5.278 ; 5.399 ;
; bin_in[3]  ; led_out[6]  ; 5.235 ; 5.420 ; 5.476 ; 5.650 ;
+------------+-------------+-------+-------+-------+-------+


--------------------------------------
; Fast 1100mV 0C Model Setup Summary ;
--------------------------------------
No paths to report.


-------------------------------------
; Fast 1100mV 0C Model Hold Summary ;
-------------------------------------
No paths to report.


-----------------------------------------
; Fast 1100mV 0C Model Recovery Summary ;
-----------------------------------------
No paths to report.


----------------------------------------
; Fast 1100mV 0C Model Removal Summary ;
----------------------------------------
No paths to report.


----------------------------------------------------
; Fast 1100mV 0C Model Minimum Pulse Width Summary ;
----------------------------------------------------
No paths to report.


+----------------------------------------------------------+
; Propagation Delay                                        ;
+------------+-------------+-------+-------+-------+-------+
; Input Port ; Output Port ; RR    ; RF    ; FR    ; FF    ;
+------------+-------------+-------+-------+-------+-------+
; bin_in[0]  ; led_out[0]  ; 3.270 ; 3.316 ; 3.766 ; 3.834 ;
; bin_in[0]  ; led_out[1]  ; 3.182 ; 3.229 ; 3.678 ; 3.747 ;
; bin_in[0]  ; led_out[2]  ;       ; 3.319 ; 3.721 ;       ;
; bin_in[0]  ; led_out[3]  ; 3.255 ; 3.327 ; 3.752 ; 3.846 ;
; bin_in[0]  ; led_out[4]  ; 3.211 ;       ;       ; 3.816 ;
; bin_in[0]  ; led_out[5]  ; 3.315 ;       ;       ; 3.917 ;
; bin_in[0]  ; led_out[6]  ; 3.381 ; 3.517 ; 3.904 ; 4.036 ;
; bin_in[1]  ; led_out[0]  ; 3.267 ; 3.321 ; 3.786 ; 3.858 ;
; bin_in[1]  ; led_out[1]  ; 3.122 ; 3.221 ; 3.714 ; 3.752 ;
; bin_in[1]  ; led_out[2]  ; 3.252 ;       ;       ; 3.928 ;
; bin_in[1]  ; led_out[3]  ; 3.196 ; 3.316 ; 3.767 ; 3.842 ;
; bin_in[1]  ; led_out[4]  ;       ; 3.379 ; 3.842 ;       ;
; bin_in[1]  ; led_out[5]  ; 3.258 ; 3.387 ; 3.832 ; 3.916 ;
; bin_in[1]  ; led_out[6]  ; 3.398 ; 3.558 ; 3.916 ; 4.050 ;
; bin_in[2]  ; led_out[0]  ; 3.199 ; 3.254 ; 3.674 ; 3.733 ;
; bin_in[2]  ; led_out[1]  ; 3.111 ;       ;       ; 3.646 ;
; bin_in[2]  ; led_out[2]  ; 3.244 ; 3.346 ; 3.719 ; 3.825 ;
; bin_in[2]  ; led_out[3]  ; 3.105 ; 3.185 ; 3.577 ; 3.675 ;
; bin_in[2]  ; led_out[4]  ; 3.240 ; 3.328 ; 3.717 ; 3.809 ;
; bin_in[2]  ; led_out[5]  ; 3.168 ; 3.257 ; 3.643 ; 3.750 ;
; bin_in[2]  ; led_out[6]  ; 3.404 ; 3.541 ; 3.882 ; 4.023 ;
; bin_in[3]  ; led_out[0]  ; 3.313 ; 3.374 ; 3.890 ; 3.943 ;
; bin_in[3]  ; led_out[1]  ; 3.225 ; 3.286 ; 3.800 ; 3.853 ;
; bin_in[3]  ; led_out[2]  ; 3.352 ; 3.459 ; 3.929 ; 4.028 ;
; bin_in[3]  ; led_out[3]  ; 3.297 ; 3.384 ; 3.875 ; 3.954 ;
; bin_in[3]  ; led_out[4]  ;       ; 3.387 ; 3.865 ;       ;
; bin_in[3]  ; led_out[5]  ; 3.306 ; 3.402 ; 3.879 ; 3.967 ;
; bin_in[3]  ; led_out[6]  ; 3.454 ; 3.597 ; 4.028 ; 4.163 ;
+------------+-------------+-------+-------+-------+-------+


+----------------------------------------------------------+
; Minimum Propagation Delay                                ;
+------------+-------------+-------+-------+-------+-------+
; Input Port ; Output Port ; RR    ; RF    ; FR    ; FF    ;
+------------+-------------+-------+-------+-------+-------+
; bin_in[0]  ; led_out[0]  ; 3.074 ; 3.128 ; 3.569 ; 3.631 ;
; bin_in[0]  ; led_out[1]  ; 2.991 ; 3.043 ; 3.485 ; 3.547 ;
; bin_in[0]  ; led_out[2]  ;       ; 3.140 ; 3.538 ;       ;
; bin_in[0]  ; led_out[3]  ; 3.060 ; 3.138 ; 3.555 ; 3.641 ;
; bin_in[0]  ; led_out[4]  ; 3.036 ;       ;       ; 3.629 ;
; bin_in[0]  ; led_out[5]  ; 3.115 ;       ;       ; 3.707 ;
; bin_in[0]  ; led_out[6]  ; 3.153 ; 3.319 ; 3.683 ; 3.828 ;
; bin_in[1]  ; led_out[0]  ; 3.087 ; 3.144 ; 3.601 ; 3.670 ;
; bin_in[1]  ; led_out[1]  ; 2.952 ; 3.043 ; 3.521 ; 3.567 ;
; bin_in[1]  ; led_out[2]  ; 3.075 ;       ;       ; 3.734 ;
; bin_in[1]  ; led_out[3]  ; 3.019 ; 3.139 ; 3.584 ; 3.650 ;
; bin_in[1]  ; led_out[4]  ;       ; 3.192 ; 3.641 ;       ;
; bin_in[1]  ; led_out[5]  ; 3.078 ; 3.206 ; 3.645 ; 3.719 ;
; bin_in[1]  ; led_out[6]  ; 3.206 ; 3.361 ; 3.722 ; 3.851 ;
; bin_in[2]  ; led_out[0]  ; 3.016 ; 3.073 ; 3.486 ; 3.545 ;
; bin_in[2]  ; led_out[1]  ; 2.933 ;       ;       ; 3.460 ;
; bin_in[2]  ; led_out[2]  ; 3.057 ; 3.158 ; 3.527 ; 3.630 ;
; bin_in[2]  ; led_out[3]  ; 2.935 ; 3.016 ; 3.405 ; 3.498 ;
; bin_in[2]  ; led_out[4]  ; 3.052 ; 3.139 ; 3.524 ; 3.613 ;
; bin_in[2]  ; led_out[5]  ; 2.993 ; 3.082 ; 3.466 ; 3.567 ;
; bin_in[2]  ; led_out[6]  ; 3.198 ; 3.331 ; 3.671 ; 3.805 ;
; bin_in[3]  ; led_out[0]  ; 3.132 ; 3.193 ; 3.695 ; 3.749 ;
; bin_in[3]  ; led_out[1]  ; 3.052 ; 3.112 ; 3.614 ; 3.666 ;
; bin_in[3]  ; led_out[2]  ; 3.171 ; 3.276 ; 3.734 ; 3.831 ;
; bin_in[3]  ; led_out[3]  ; 3.116 ; 3.201 ; 3.681 ; 3.759 ;
; bin_in[3]  ; led_out[4]  ;       ; 3.207 ; 3.674 ;       ;
; bin_in[3]  ; led_out[5]  ; 3.125 ; 3.218 ; 3.684 ; 3.770 ;
; bin_in[3]  ; led_out[6]  ; 3.262 ; 3.398 ; 3.823 ; 3.952 ;
+------------+-------------+-------+-------+-------+-------+


+----------------------------------------------------------------------------+
; Multicorner Timing Analysis Summary                                        ;
+------------------+-------+------+----------+---------+---------------------+
; Clock            ; Setup ; Hold ; Recovery ; Removal ; Minimum Pulse Width ;
+------------------+-------+------+----------+---------+---------------------+
; Worst-case Slack ; N/A   ; N/A  ; N/A      ; N/A     ; N/A                 ;
; Design-wide TNS  ; 0.0   ; 0.0  ; 0.0      ; 0.0     ; 0.0                 ;
+------------------+-------+------+----------+---------+---------------------+


+----------------------------------------------------------+
; Progagation Delay                                        ;
+------------+-------------+-------+-------+-------+-------+
; Input Port ; Output Port ; RR    ; RF    ; FR    ; FF    ;
+------------+-------------+-------+-------+-------+-------+
; bin_in[0]  ; led_out[0]  ; 5.517 ; 5.513 ; 5.683 ; 5.719 ;
; bin_in[0]  ; led_out[1]  ; 5.335 ; 5.385 ; 5.501 ; 5.591 ;
; bin_in[0]  ; led_out[2]  ;       ; 5.490 ; 5.579 ;       ;
; bin_in[0]  ; led_out[3]  ; 5.501 ; 5.533 ; 5.668 ; 5.740 ;
; bin_in[0]  ; led_out[4]  ; 5.382 ;       ;       ; 5.666 ;
; bin_in[0]  ; led_out[5]  ; 5.562 ;       ;       ; 5.853 ;
; bin_in[0]  ; led_out[6]  ; 5.638 ; 5.787 ; 5.844 ; 5.986 ;
; bin_in[1]  ; led_out[0]  ; 5.470 ; 5.480 ; 5.665 ; 5.708 ;
; bin_in[1]  ; led_out[1]  ; 5.171 ; 5.317 ; 5.514 ; 5.547 ;
; bin_in[1]  ; led_out[2]  ; 5.414 ;       ;       ; 5.810 ;
; bin_in[1]  ; led_out[3]  ; 5.341 ; 5.461 ; 5.645 ; 5.682 ;
; bin_in[1]  ; led_out[4]  ;       ; 5.561 ; 5.735 ;       ;
; bin_in[1]  ; led_out[5]  ; 5.407 ; 5.576 ; 5.712 ; 5.798 ;
; bin_in[1]  ; led_out[6]  ; 5.612 ; 5.803 ; 5.817 ; 5.961 ;
; bin_in[2]  ; led_out[0]  ; 5.389 ; 5.402 ; 5.538 ; 5.557 ;
; bin_in[2]  ; led_out[1]  ; 5.207 ;       ;       ; 5.428 ;
; bin_in[2]  ; led_out[2]  ; 5.450 ; 5.538 ; 5.600 ; 5.693 ;
; bin_in[2]  ; led_out[3]  ; 5.230 ; 5.276 ; 5.369 ; 5.448 ;
; bin_in[2]  ; led_out[4]  ; 5.427 ; 5.516 ; 5.580 ; 5.674 ;
; bin_in[2]  ; led_out[5]  ; 5.296 ; 5.391 ; 5.437 ; 5.565 ;
; bin_in[2]  ; led_out[6]  ; 5.672 ; 5.823 ; 5.826 ; 5.983 ;
; bin_in[3]  ; led_out[0]  ; 5.537 ; 5.560 ; 5.790 ; 5.800 ;
; bin_in[3]  ; led_out[1]  ; 5.354 ; 5.431 ; 5.605 ; 5.666 ;
; bin_in[3]  ; led_out[2]  ; 5.592 ; 5.690 ; 5.843 ; 5.925 ;
; bin_in[3]  ; led_out[3]  ; 5.523 ; 5.582 ; 5.775 ; 5.821 ;
; bin_in[3]  ; led_out[4]  ;       ; 5.611 ; 5.757 ;       ;
; bin_in[3]  ; led_out[5]  ; 5.529 ; 5.637 ; 5.776 ; 5.871 ;
; bin_in[3]  ; led_out[6]  ; 5.744 ; 5.905 ; 5.994 ; 6.142 ;
+------------+-------------+-------+-------+-------+-------+


+----------------------------------------------------------+
; Minimum Progagation Delay                                ;
+------------+-------------+-------+-------+-------+-------+
; Input Port ; Output Port ; RR    ; RF    ; FR    ; FF    ;
+------------+-------------+-------+-------+-------+-------+
; bin_in[0]  ; led_out[0]  ; 3.074 ; 3.128 ; 3.569 ; 3.631 ;
; bin_in[0]  ; led_out[1]  ; 2.991 ; 3.043 ; 3.485 ; 3.547 ;
; bin_in[0]  ; led_out[2]  ;       ; 3.140 ; 3.538 ;       ;
; bin_in[0]  ; led_out[3]  ; 3.060 ; 3.138 ; 3.555 ; 3.641 ;
; bin_in[0]  ; led_out[4]  ; 3.036 ;       ;       ; 3.629 ;
; bin_in[0]  ; led_out[5]  ; 3.115 ;       ;       ; 3.707 ;
; bin_in[0]  ; led_out[6]  ; 3.153 ; 3.319 ; 3.683 ; 3.828 ;
; bin_in[1]  ; led_out[0]  ; 3.087 ; 3.144 ; 3.601 ; 3.670 ;
; bin_in[1]  ; led_out[1]  ; 2.952 ; 3.043 ; 3.521 ; 3.567 ;
; bin_in[1]  ; led_out[2]  ; 3.075 ;       ;       ; 3.734 ;
; bin_in[1]  ; led_out[3]  ; 3.019 ; 3.139 ; 3.584 ; 3.650 ;
; bin_in[1]  ; led_out[4]  ;       ; 3.192 ; 3.641 ;       ;
; bin_in[1]  ; led_out[5]  ; 3.078 ; 3.206 ; 3.645 ; 3.719 ;
; bin_in[1]  ; led_out[6]  ; 3.206 ; 3.361 ; 3.722 ; 3.851 ;
; bin_in[2]  ; led_out[0]  ; 3.016 ; 3.073 ; 3.486 ; 3.545 ;
; bin_in[2]  ; led_out[1]  ; 2.933 ;       ;       ; 3.460 ;
; bin_in[2]  ; led_out[2]  ; 3.057 ; 3.158 ; 3.527 ; 3.630 ;
; bin_in[2]  ; led_out[3]  ; 2.935 ; 3.016 ; 3.405 ; 3.498 ;
; bin_in[2]  ; led_out[4]  ; 3.052 ; 3.139 ; 3.524 ; 3.613 ;
; bin_in[2]  ; led_out[5]  ; 2.993 ; 3.082 ; 3.466 ; 3.567 ;
; bin_in[2]  ; led_out[6]  ; 3.198 ; 3.331 ; 3.671 ; 3.805 ;
; bin_in[3]  ; led_out[0]  ; 3.132 ; 3.193 ; 3.695 ; 3.749 ;
; bin_in[3]  ; led_out[1]  ; 3.052 ; 3.112 ; 3.614 ; 3.666 ;
; bin_in[3]  ; led_out[2]  ; 3.171 ; 3.276 ; 3.734 ; 3.831 ;
; bin_in[3]  ; led_out[3]  ; 3.116 ; 3.201 ; 3.681 ; 3.759 ;
; bin_in[3]  ; led_out[4]  ;       ; 3.207 ; 3.674 ;       ;
; bin_in[3]  ; led_out[5]  ; 3.125 ; 3.218 ; 3.684 ; 3.770 ;
; bin_in[3]  ; led_out[6]  ; 3.262 ; 3.398 ; 3.823 ; 3.952 ;
+------------+-------------+-------+-------+-------+-------+


+---------------------------------------------------------------------------------------------------------------------------------------------------------------------------------------------------------------------------------------------------------------------------------------------------------------------------------------------------------------------------------------------------------------+
; Board Trace Model Assignments                                                                                                                                                                                                                                                                                                                                                                                 ;
+------------+--------------+-------------------+-------------------------+-------------------------+---------------+---------------------+----------------+------------------+--------+------------------+------------------------+------------------------+--------------+---------------+-----------------+-------+---------------------+--------------------+---------------+-----------------+-------------+
; Pin        ; I/O Standard ; Near Tline Length ; Near Tline L per Length ; Near Tline C per Length ; Near Series R ; Near Differential R ; Near Pull-up R ; Near Pull-down R ; Near C ; Far Tline Length ; Far Tline L per Length ; Far Tline C per Length ; Far Series R ; Far Pull-up R ; Far Pull-down R ; Far C ; Termination Voltage ; Far Differential R ; EBD File Name ; EBD Signal Name ; EBD Far-end ;
+------------+--------------+-------------------+-------------------------+-------------------------+---------------+---------------------+----------------+------------------+--------+------------------+------------------------+------------------------+--------------+---------------+-----------------+-------+---------------------+--------------------+---------------+-----------------+-------------+
; led_out[0] ; 2.5 V        ; 0 in              ; 0 H/in                  ; 0 F/in                  ; short         ; -                   ; open           ; open             ; open   ; 0 in             ; 0 H/in                 ; 0 F/in                 ; short        ; open          ; open            ; open  ; 0 V                 ; -                  ; n/a           ; n/a             ; n/a         ;
; led_out[1] ; 2.5 V        ; 0 in              ; 0 H/in                  ; 0 F/in                  ; short         ; -                   ; open           ; open             ; open   ; 0 in             ; 0 H/in                 ; 0 F/in                 ; short        ; open          ; open            ; open  ; 0 V                 ; -                  ; n/a           ; n/a             ; n/a         ;
; led_out[2] ; 2.5 V        ; 0 in              ; 0 H/in                  ; 0 F/in                  ; short         ; -                   ; open           ; open             ; open   ; 0 in             ; 0 H/in                 ; 0 F/in                 ; short        ; open          ; open            ; open  ; 0 V                 ; -                  ; n/a           ; n/a             ; n/a         ;
; led_out[3] ; 2.5 V        ; 0 in              ; 0 H/in                  ; 0 F/in                  ; short         ; -                   ; open           ; open             ; open   ; 0 in             ; 0 H/in                 ; 0 F/in                 ; short        ; open          ; open            ; open  ; 0 V                 ; -                  ; n/a           ; n/a             ; n/a         ;
; led_out[4] ; 2.5 V        ; 0 in              ; 0 H/in                  ; 0 F/in                  ; short         ; -                   ; open           ; open             ; open   ; 0 in             ; 0 H/in                 ; 0 F/in                 ; short        ; open          ; open            ; open  ; 0 V                 ; -                  ; n/a           ; n/a             ; n/a         ;
; led_out[5] ; 2.5 V        ; 0 in              ; 0 H/in                  ; 0 F/in                  ; short         ; -                   ; open           ; open             ; open   ; 0 in             ; 0 H/in                 ; 0 F/in                 ; short        ; open          ; open            ; open  ; 0 V                 ; -                  ; n/a           ; n/a             ; n/a         ;
; led_out[6] ; 2.5 V        ; 0 in              ; 0 H/in                  ; 0 F/in                  ; short         ; -                   ; open           ; open             ; open   ; 0 in             ; 0 H/in                 ; 0 F/in                 ; short        ; open          ; open            ; open  ; 0 V                 ; -                  ; n/a           ; n/a             ; n/a         ;
+------------+--------------+-------------------+-------------------------+-------------------------+---------------+---------------------+----------------+------------------+--------+------------------+------------------------+------------------------+--------------+---------------+-----------------+-------+---------------------+--------------------+---------------+-----------------+-------------+


+--------------------------------------------------------------+
; Input Transition Times                                       ;
+-----------+--------------+-----------------+-----------------+
; Pin       ; I/O Standard ; 10-90 Rise Time ; 90-10 Fall Time ;
+-----------+--------------+-----------------+-----------------+
; bin_in[0] ; 2.5 V        ; 2000 ps         ; 2000 ps         ;
; bin_in[3] ; 2.5 V        ; 2000 ps         ; 2000 ps         ;
; bin_in[1] ; 2.5 V        ; 2000 ps         ; 2000 ps         ;
; bin_in[2] ; 2.5 V        ; 2000 ps         ; 2000 ps         ;
+-----------+--------------+-----------------+-----------------+


+-----------------------------------------------------------------------------------------------------------------------------------------------------------------------------------------------------------------------------------------------------------------------------------------------------------------------------------------------------------------------------------------------------------------------------------------------------------------------------------------------------------------------------------------------------------------------------------------------------------------------------------------------------------------------------------------+
; Signal Integrity Metrics (Slow 1100mv 0c Model)                                                                                                                                                                                                                                                                                                                                                                                                                                                                                                                                                                                                                                         ;
+------------+--------------+---------------------+---------------------+------------------------------+------------------------------+---------------------+---------------------+--------------------------------------+--------------------------------------+-----------------------------+-----------------------------+----------------------------+----------------------------+-----------------------------+-----------------------------+--------------------+--------------------+-------------------------------------+-------------------------------------+----------------------------+----------------------------+---------------------------+---------------------------+
; Pin        ; I/O Standard ; Board Delay on Rise ; Board Delay on Fall ; Steady State Voh at FPGA Pin ; Steady State Vol at FPGA Pin ; Voh Max at FPGA Pin ; Vol Min at FPGA Pin ; Ringback Voltage on Rise at FPGA Pin ; Ringback Voltage on Fall at FPGA Pin ; 10-90 Rise Time at FPGA Pin ; 90-10 Fall Time at FPGA Pin ; Monotonic Rise at FPGA Pin ; Monotonic Fall at FPGA Pin ; Steady State Voh at Far-end ; Steady State Vol at Far-end ; Voh Max at Far-end ; Vol Min at Far-end ; Ringback Voltage on Rise at Far-end ; Ringback Voltage on Fall at Far-end ; 10-90 Rise Time at Far-end ; 90-10 Fall Time at Far-end ; Monotonic Rise at Far-end ; Monotonic Fall at Far-end ;
+------------+--------------+---------------------+---------------------+------------------------------+------------------------------+---------------------+---------------------+--------------------------------------+--------------------------------------+-----------------------------+-----------------------------+----------------------------+----------------------------+-----------------------------+-----------------------------+--------------------+--------------------+-------------------------------------+-------------------------------------+----------------------------+----------------------------+---------------------------+---------------------------+
; led_out[0] ; 2.5 V        ; 0 s                 ; 0 s                 ; 2.32 V                       ; 6.51e-08 V                   ; 2.33 V              ; -0.00794 V          ; 0.17 V                               ; 0.054 V                              ; 6.21e-10 s                  ; 4.93e-10 s                  ; Yes                        ; Yes                        ; 2.32 V                      ; 6.51e-08 V                  ; 2.33 V             ; -0.00794 V         ; 0.17 V                              ; 0.054 V                             ; 6.21e-10 s                 ; 4.93e-10 s                 ; Yes                       ; Yes                       ;
; led_out[1] ; 2.5 V        ; 0 s                 ; 0 s                 ; 2.32 V                       ; 6.46e-08 V                   ; 2.35 V              ; -0.0183 V           ; 0.227 V                              ; 0.099 V                              ; 5.23e-10 s                  ; 4.66e-10 s                  ; No                         ; Yes                        ; 2.32 V                      ; 6.46e-08 V                  ; 2.35 V             ; -0.0183 V          ; 0.227 V                             ; 0.099 V                             ; 5.23e-10 s                 ; 4.66e-10 s                 ; No                        ; Yes                       ;
; led_out[2] ; 2.5 V        ; 0 s                 ; 0 s                 ; 2.32 V                       ; 6.51e-08 V                   ; 2.33 V              ; -0.00794 V          ; 0.17 V                               ; 0.054 V                              ; 6.21e-10 s                  ; 4.93e-10 s                  ; Yes                        ; Yes                        ; 2.32 V                      ; 6.51e-08 V                  ; 2.33 V             ; -0.00794 V         ; 0.17 V                              ; 0.054 V                             ; 6.21e-10 s                 ; 4.93e-10 s                 ; Yes                       ; Yes                       ;
; led_out[3] ; 2.5 V        ; 0 s                 ; 0 s                 ; 2.32 V                       ; 6.45e-08 V                   ; 2.34 V              ; -0.0149 V           ; 0.169 V                              ; 0.054 V                              ; 6.17e-10 s                  ; 4.88e-10 s                  ; No                         ; Yes                        ; 2.32 V                      ; 6.45e-08 V                  ; 2.34 V             ; -0.0149 V          ; 0.169 V                             ; 0.054 V                             ; 6.17e-10 s                 ; 4.88e-10 s                 ; No                        ; Yes                       ;
; led_out[4] ; 2.5 V        ; 0 s                 ; 0 s                 ; 2.32 V                       ; 6.46e-08 V                   ; 2.35 V              ; -0.0183 V           ; 0.227 V                              ; 0.099 V                              ; 5.23e-10 s                  ; 4.66e-10 s                  ; No                         ; Yes                        ; 2.32 V                      ; 6.46e-08 V                  ; 2.35 V             ; -0.0183 V          ; 0.227 V                             ; 0.099 V                             ; 5.23e-10 s                 ; 4.66e-10 s                 ; No                        ; Yes                       ;
; led_out[5] ; 2.5 V        ; 0 s                 ; 0 s                 ; 2.32 V                       ; 6.46e-08 V                   ; 2.34 V              ; -0.0182 V           ; 0.226 V                              ; 0.099 V                              ; 5.23e-10 s                  ; 4.65e-10 s                  ; No                         ; Yes                        ; 2.32 V                      ; 6.46e-08 V                  ; 2.34 V             ; -0.0182 V          ; 0.226 V                             ; 0.099 V                             ; 5.23e-10 s                 ; 4.65e-10 s                 ; No                        ; Yes                       ;
; led_out[6] ; 2.5 V        ; 0 s                 ; 0 s                 ; 2.32 V                       ; 6.46e-08 V                   ; 2.35 V              ; -0.0183 V           ; 0.227 V                              ; 0.099 V                              ; 5.23e-10 s                  ; 4.66e-10 s                  ; No                         ; Yes                        ; 2.32 V                      ; 6.46e-08 V                  ; 2.35 V             ; -0.0183 V          ; 0.227 V                             ; 0.099 V                             ; 5.23e-10 s                 ; 4.66e-10 s                 ; No                        ; Yes                       ;
+------------+--------------+---------------------+---------------------+------------------------------+------------------------------+---------------------+---------------------+--------------------------------------+--------------------------------------+-----------------------------+-----------------------------+----------------------------+----------------------------+-----------------------------+-----------------------------+--------------------+--------------------+-------------------------------------+-------------------------------------+----------------------------+----------------------------+---------------------------+---------------------------+


+-----------------------------------------------------------------------------------------------------------------------------------------------------------------------------------------------------------------------------------------------------------------------------------------------------------------------------------------------------------------------------------------------------------------------------------------------------------------------------------------------------------------------------------------------------------------------------------------------------------------------------------------------------------------------------------------+
; Signal Integrity Metrics (Slow 1100mv 85c Model)                                                                                                                                                                                                                                                                                                                                                                                                                                                                                                                                                                                                                                        ;
+------------+--------------+---------------------+---------------------+------------------------------+------------------------------+---------------------+---------------------+--------------------------------------+--------------------------------------+-----------------------------+-----------------------------+----------------------------+----------------------------+-----------------------------+-----------------------------+--------------------+--------------------+-------------------------------------+-------------------------------------+----------------------------+----------------------------+---------------------------+---------------------------+
; Pin        ; I/O Standard ; Board Delay on Rise ; Board Delay on Fall ; Steady State Voh at FPGA Pin ; Steady State Vol at FPGA Pin ; Voh Max at FPGA Pin ; Vol Min at FPGA Pin ; Ringback Voltage on Rise at FPGA Pin ; Ringback Voltage on Fall at FPGA Pin ; 10-90 Rise Time at FPGA Pin ; 90-10 Fall Time at FPGA Pin ; Monotonic Rise at FPGA Pin ; Monotonic Fall at FPGA Pin ; Steady State Voh at Far-end ; Steady State Vol at Far-end ; Voh Max at Far-end ; Vol Min at Far-end ; Ringback Voltage on Rise at Far-end ; Ringback Voltage on Fall at Far-end ; 10-90 Rise Time at Far-end ; 90-10 Fall Time at Far-end ; Monotonic Rise at Far-end ; Monotonic Fall at Far-end ;
+------------+--------------+---------------------+---------------------+------------------------------+------------------------------+---------------------+---------------------+--------------------------------------+--------------------------------------+-----------------------------+-----------------------------+----------------------------+----------------------------+-----------------------------+-----------------------------+--------------------+--------------------+-------------------------------------+-------------------------------------+----------------------------+----------------------------+---------------------------+---------------------------+
; led_out[0] ; 2.5 V        ; 0 s                 ; 0 s                 ; 2.32 V                       ; 1.55e-05 V                   ; 2.33 V              ; -0.00495 V          ; 0.157 V                              ; 0.069 V                              ; 7.22e-10 s                  ; 6.01e-10 s                  ; Yes                        ; Yes                        ; 2.32 V                      ; 1.55e-05 V                  ; 2.33 V             ; -0.00495 V         ; 0.157 V                             ; 0.069 V                             ; 7.22e-10 s                 ; 6.01e-10 s                 ; Yes                       ; Yes                       ;
; led_out[1] ; 2.5 V        ; 0 s                 ; 0 s                 ; 2.32 V                       ; 1.54e-05 V                   ; 2.34 V              ; -0.0141 V           ; 0.199 V                              ; 0.11 V                               ; 6.32e-10 s                  ; 5.68e-10 s                  ; No                         ; Yes                        ; 2.32 V                      ; 1.54e-05 V                  ; 2.34 V             ; -0.0141 V          ; 0.199 V                             ; 0.11 V                              ; 6.32e-10 s                 ; 5.68e-10 s                 ; No                        ; Yes                       ;
; led_out[2] ; 2.5 V        ; 0 s                 ; 0 s                 ; 2.32 V                       ; 1.55e-05 V                   ; 2.33 V              ; -0.00495 V          ; 0.157 V                              ; 0.069 V                              ; 7.22e-10 s                  ; 6.01e-10 s                  ; Yes                        ; Yes                        ; 2.32 V                      ; 1.55e-05 V                  ; 2.33 V             ; -0.00495 V         ; 0.157 V                             ; 0.069 V                             ; 7.22e-10 s                 ; 6.01e-10 s                 ; Yes                       ; Yes                       ;
; led_out[3] ; 2.5 V        ; 0 s                 ; 0 s                 ; 2.32 V                       ; 1.54e-05 V                   ; 2.33 V              ; -0.0104 V           ; 0.234 V                              ; 0.068 V                              ; 6.71e-10 s                  ; 5.97e-10 s                  ; No                         ; Yes                        ; 2.32 V                      ; 1.54e-05 V                  ; 2.33 V             ; -0.0104 V          ; 0.234 V                             ; 0.068 V                             ; 6.71e-10 s                 ; 5.97e-10 s                 ; No                        ; Yes                       ;
; led_out[4] ; 2.5 V        ; 0 s                 ; 0 s                 ; 2.32 V                       ; 1.54e-05 V                   ; 2.34 V              ; -0.0141 V           ; 0.199 V                              ; 0.11 V                               ; 6.32e-10 s                  ; 5.68e-10 s                  ; No                         ; Yes                        ; 2.32 V                      ; 1.54e-05 V                  ; 2.34 V             ; -0.0141 V          ; 0.199 V                             ; 0.11 V                              ; 6.32e-10 s                 ; 5.68e-10 s                 ; No                        ; Yes                       ;
; led_out[5] ; 2.5 V        ; 0 s                 ; 0 s                 ; 2.32 V                       ; 1.54e-05 V                   ; 2.34 V              ; -0.0136 V           ; 0.197 V                              ; 0.109 V                              ; 6.32e-10 s                  ; 5.66e-10 s                  ; No                         ; Yes                        ; 2.32 V                      ; 1.54e-05 V                  ; 2.34 V             ; -0.0136 V          ; 0.197 V                             ; 0.109 V                             ; 6.32e-10 s                 ; 5.66e-10 s                 ; No                        ; Yes                       ;
; led_out[6] ; 2.5 V        ; 0 s                 ; 0 s                 ; 2.32 V                       ; 1.54e-05 V                   ; 2.34 V              ; -0.0141 V           ; 0.199 V                              ; 0.11 V                               ; 6.32e-10 s                  ; 5.68e-10 s                  ; No                         ; Yes                        ; 2.32 V                      ; 1.54e-05 V                  ; 2.34 V             ; -0.0141 V          ; 0.199 V                             ; 0.11 V                              ; 6.32e-10 s                 ; 5.68e-10 s                 ; No                        ; Yes                       ;
+------------+--------------+---------------------+---------------------+------------------------------+------------------------------+---------------------+---------------------+--------------------------------------+--------------------------------------+-----------------------------+-----------------------------+----------------------------+----------------------------+-----------------------------+-----------------------------+--------------------+--------------------+-------------------------------------+-------------------------------------+----------------------------+----------------------------+---------------------------+---------------------------+


+-----------------------------------------------------------------------------------------------------------------------------------------------------------------------------------------------------------------------------------------------------------------------------------------------------------------------------------------------------------------------------------------------------------------------------------------------------------------------------------------------------------------------------------------------------------------------------------------------------------------------------------------------------------------------------------------+
; Signal Integrity Metrics (Fast 1100mv 0c Model)                                                                                                                                                                                                                                                                                                                                                                                                                                                                                                                                                                                                                                         ;
+------------+--------------+---------------------+---------------------+------------------------------+------------------------------+---------------------+---------------------+--------------------------------------+--------------------------------------+-----------------------------+-----------------------------+----------------------------+----------------------------+-----------------------------+-----------------------------+--------------------+--------------------+-------------------------------------+-------------------------------------+----------------------------+----------------------------+---------------------------+---------------------------+
; Pin        ; I/O Standard ; Board Delay on Rise ; Board Delay on Fall ; Steady State Voh at FPGA Pin ; Steady State Vol at FPGA Pin ; Voh Max at FPGA Pin ; Vol Min at FPGA Pin ; Ringback Voltage on Rise at FPGA Pin ; Ringback Voltage on Fall at FPGA Pin ; 10-90 Rise Time at FPGA Pin ; 90-10 Fall Time at FPGA Pin ; Monotonic Rise at FPGA Pin ; Monotonic Fall at FPGA Pin ; Steady State Voh at Far-end ; Steady State Vol at Far-end ; Voh Max at Far-end ; Vol Min at Far-end ; Ringback Voltage on Rise at Far-end ; Ringback Voltage on Fall at Far-end ; 10-90 Rise Time at Far-end ; 90-10 Fall Time at Far-end ; Monotonic Rise at Far-end ; Monotonic Fall at Far-end ;
+------------+--------------+---------------------+---------------------+------------------------------+------------------------------+---------------------+---------------------+--------------------------------------+--------------------------------------+-----------------------------+-----------------------------+----------------------------+----------------------------+-----------------------------+-----------------------------+--------------------+--------------------+-------------------------------------+-------------------------------------+----------------------------+----------------------------+---------------------------+---------------------------+
; led_out[0] ; 2.5 V        ; 0 s                 ; 0 s                 ; 2.75 V                       ; 2.52e-07 V                   ; 2.76 V              ; -0.0141 V           ; 0.182 V                              ; 0.069 V                              ; 4.94e-10 s                  ; 3.97e-10 s                  ; No                         ; Yes                        ; 2.75 V                      ; 2.52e-07 V                  ; 2.76 V             ; -0.0141 V          ; 0.182 V                             ; 0.069 V                             ; 4.94e-10 s                 ; 3.97e-10 s                 ; No                        ; Yes                       ;
; led_out[1] ; 2.5 V        ; 0 s                 ; 0 s                 ; 2.75 V                       ; 2.5e-07 V                    ; 2.79 V              ; -0.0303 V           ; 0.266 V                              ; 0.143 V                              ; 3.97e-10 s                  ; 3.7e-10 s                   ; No                         ; Yes                        ; 2.75 V                      ; 2.5e-07 V                   ; 2.79 V             ; -0.0303 V          ; 0.266 V                             ; 0.143 V                             ; 3.97e-10 s                 ; 3.7e-10 s                  ; No                        ; Yes                       ;
; led_out[2] ; 2.5 V        ; 0 s                 ; 0 s                 ; 2.75 V                       ; 2.52e-07 V                   ; 2.76 V              ; -0.0141 V           ; 0.182 V                              ; 0.069 V                              ; 4.94e-10 s                  ; 3.97e-10 s                  ; No                         ; Yes                        ; 2.75 V                      ; 2.52e-07 V                  ; 2.76 V             ; -0.0141 V          ; 0.182 V                             ; 0.069 V                             ; 4.94e-10 s                 ; 3.97e-10 s                 ; No                        ; Yes                       ;
; led_out[3] ; 2.5 V        ; 0 s                 ; 0 s                 ; 2.75 V                       ; 2.49e-07 V                   ; 2.78 V              ; -0.0223 V           ; 0.306 V                              ; 0.068 V                              ; 4.17e-10 s                  ; 3.9e-10 s                   ; No                         ; Yes                        ; 2.75 V                      ; 2.49e-07 V                  ; 2.78 V             ; -0.0223 V          ; 0.306 V                             ; 0.068 V                             ; 4.17e-10 s                 ; 3.9e-10 s                  ; No                        ; Yes                       ;
; led_out[4] ; 2.5 V        ; 0 s                 ; 0 s                 ; 2.75 V                       ; 2.5e-07 V                    ; 2.79 V              ; -0.0303 V           ; 0.266 V                              ; 0.143 V                              ; 3.97e-10 s                  ; 3.7e-10 s                   ; No                         ; Yes                        ; 2.75 V                      ; 2.5e-07 V                   ; 2.79 V             ; -0.0303 V          ; 0.266 V                             ; 0.143 V                             ; 3.97e-10 s                 ; 3.7e-10 s                  ; No                        ; Yes                       ;
; led_out[5] ; 2.5 V        ; 0 s                 ; 0 s                 ; 2.75 V                       ; 2.5e-07 V                    ; 2.79 V              ; -0.0306 V           ; 0.266 V                              ; 0.143 V                              ; 3.97e-10 s                  ; 3.7e-10 s                   ; No                         ; Yes                        ; 2.75 V                      ; 2.5e-07 V                   ; 2.79 V             ; -0.0306 V          ; 0.266 V                             ; 0.143 V                             ; 3.97e-10 s                 ; 3.7e-10 s                  ; No                        ; Yes                       ;
; led_out[6] ; 2.5 V        ; 0 s                 ; 0 s                 ; 2.75 V                       ; 2.5e-07 V                    ; 2.79 V              ; -0.0303 V           ; 0.266 V                              ; 0.143 V                              ; 3.97e-10 s                  ; 3.7e-10 s                   ; No                         ; Yes                        ; 2.75 V                      ; 2.5e-07 V                   ; 2.79 V             ; -0.0303 V          ; 0.266 V                             ; 0.143 V                             ; 3.97e-10 s                 ; 3.7e-10 s                  ; No                        ; Yes                       ;
+------------+--------------+---------------------+---------------------+------------------------------+------------------------------+---------------------+---------------------+--------------------------------------+--------------------------------------+-----------------------------+-----------------------------+----------------------------+----------------------------+-----------------------------+-----------------------------+--------------------+--------------------+-------------------------------------+-------------------------------------+----------------------------+----------------------------+---------------------------+---------------------------+


-------------------
; Clock Transfers ;
-------------------
Nothing to report.


---------------
; Report TCCS ;
---------------
No dedicated SERDES Transmitter circuitry present in device or used in design


---------------
; Report RSKM ;
---------------
No dedicated SERDES Receiver circuitry present in device or used in design


+------------------------------------------------+
; Unconstrained Paths                            ;
+---------------------------------+-------+------+
; Property                        ; Setup ; Hold ;
+---------------------------------+-------+------+
; Illegal Clocks                  ; 0     ; 0    ;
; Unconstrained Clocks            ; 0     ; 0    ;
; Unconstrained Input Ports       ; 4     ; 4    ;
; Unconstrained Input Port Paths  ; 28    ; 28   ;
; Unconstrained Output Ports      ; 7     ; 7    ;
; Unconstrained Output Port Paths ; 28    ; 28   ;
+---------------------------------+-------+------+


+------------------------------------+
; TimeQuest Timing Analyzer Messages ;
+------------------------------------+
Info: *******************************************************************
Info: Running Quartus II 32-bit TimeQuest Timing Analyzer
    Info: Version 11.1 Build 259 01/25/2012 Service Pack 2 SJ Web Edition
    Info: Processing started: Thu Mar 09 21:21:25 2017
Info: Command: quartus_sta top_seven_seg_decoder -c top_seven_seg_decoder
Info: qsta_default_script.tcl version: #1
Warning (20028): Parallel compilation is not licensed and has been disabled
Critical Warning (332012): Synopsys Design Constraints File file not found: 'top_seven_seg_decoder.sdc'. A Synopsys Design Constraints File is required by the TimeQuest Timing Analyzer to get proper timing constraints. Without it, the Compiler will not properly optimize the design.
Info (332142): No user constrained base clocks found in the design. Calling "derive_clocks -period 1.0"
Info (332096): The command derive_clocks did not find any clocks to derive.  No clocks were created or changed.
Warning (332068): No clocks defined in design.
Info (332143): No user constrained clock uncertainty found in the design. Calling "derive_clock_uncertainty"
Info (332154): The derive_clock_uncertainty command did not apply clock uncertainty to any clock-to-clock transfers.
Info: Found TIMEQUEST_REPORT_SCRIPT_INCLUDE_DEFAULT_ANALYSIS = ON
Info (332159): No clocks to report
Info: Analyzing Slow 1100mV 85C Model
Info (332140): No fmax paths to report
Info (332140): No Setup paths to report
Info (332140): No Hold paths to report
Info (332140): No Recovery paths to report
Info (332140): No Removal paths to report
Info (332140): No Minimum Pulse Width paths to report
Info (332001): The selected device family is not supported by the report_metastability command.
Info: Analyzing Slow 1100mV 0C Model
Info (334003): Started post-fitting delay annotation
Warning (334000): Timing characteristics of device 5CGXFC7D6F31C6 are preliminary
Info (334004): Delay annotation completed successfully
Info (332142): No user constrained base clocks found in the design. Calling "derive_clocks -period 1.0"
Info (332096): The command derive_clocks did not find any clocks to derive.  No clocks were created or changed.
Warning (332068): No clocks defined in design.
Info (332154): The derive_clock_uncertainty command did not apply clock uncertainty to any clock-to-clock transfers.
Info (332140): No fmax paths to report
Info (332140): No Setup paths to report
Info (332140): No Hold paths to report
Info (332140): No Recovery paths to report
Info (332140): No Removal paths to report
Info (332140): No Minimum Pulse Width paths to report
Info (332001): The selected device family is not supported by the report_metastability command.
Info: Analyzing Fast 1100mV 0C Model
Info (334003): Started post-fitting delay annotation
Warning (334000): Timing characteristics of device 5CGXFC7D6F31C6 are preliminary
Info (334004): Delay annotation completed successfully
Info (332142): No user constrained base clocks found in the design. Calling "derive_clocks -period 1.0"
Info (332096): The command derive_clocks did not find any clocks to derive.  No clocks were created or changed.
Warning (332068): No clocks defined in design.
Info (332154): The derive_clock_uncertainty command did not apply clock uncertainty to any clock-to-clock transfers.
Info (332140): No Setup paths to report
Info (332140): No Hold paths to report
Info (332140): No Recovery paths to report
Info (332140): No Removal paths to report
Info (332140): No Minimum Pulse Width paths to report
Info (332001): The selected device family is not supported by the report_metastability command.
Info (332102): Design is not fully constrained for setup requirements
Info (332102): Design is not fully constrained for hold requirements
Info: Quartus II 32-bit TimeQuest Timing Analyzer was successful. 0 errors, 7 warnings
    Info: Peak virtual memory: 539 megabytes
    Info: Processing ended: Thu Mar 09 21:21:52 2017
    Info: Elapsed time: 00:00:27
    Info: Total CPU time (on all processors): 00:00:04


