Analysis & Synthesis report for ElevatorProject
Tue May 02 22:19:10 2017
Quartus II 64-Bit Version 13.1.0 Build 162 10/23/2013 SJ Web Edition


---------------------
; Table of Contents ;
---------------------
  1. Legal Notice
  2. Analysis & Synthesis Summary
  3. Analysis & Synthesis Settings
  4. Parallel Compilation
  5. Analysis & Synthesis Source Files Read
  6. Analysis & Synthesis Resource Usage Summary
  7. Analysis & Synthesis Resource Utilization by Entity
  8. State Machine - |ElevatorProject|state
  9. Registers Removed During Synthesis
 10. General Register Statistics
 11. Inverted Register Statistics
 12. Multiplexer Restructuring Statistics (Restructuring Performed)
 13. Parameter Settings for User Entity Instance: Top-level Entity: |ElevatorProject
 14. Parameter Settings for User Entity Instance: closest_floor_calculator:cfc
 15. Parameter Settings for User Entity Instance: closest_idle_calculator:cfic
 16. Elapsed Time Per Partition
 17. Analysis & Synthesis Messages
 18. Analysis & Synthesis Suppressed Messages



----------------
; Legal Notice ;
----------------
Copyright (C) 1991-2013 Altera Corporation
Your use of Altera Corporation's design tools, logic functions 
and other software and tools, and its AMPP partner logic 
functions, and any output files from any of the foregoing 
(including device programming or simulation files), and any 
associated documentation or information are expressly subject 
to the terms and conditions of the Altera Program License 
Subscription Agreement, Altera MegaCore Function License 
Agreement, or other applicable license agreement, including, 
without limitation, that your use is for the sole purpose of 
programming logic devices manufactured by Altera and sold by 
Altera or its authorized distributors.  Please refer to the 
applicable agreement for further details.



+------------------------------------------------------------------------------+
; Analysis & Synthesis Summary                                                 ;
+---------------------------------+--------------------------------------------+
; Analysis & Synthesis Status     ; Successful - Tue May 02 22:19:10 2017      ;
; Quartus II 64-Bit Version       ; 13.1.0 Build 162 10/23/2013 SJ Web Edition ;
; Revision Name                   ; ElevatorProject                            ;
; Top-level Entity Name           ; ElevatorProject                            ;
; Family                          ; Cyclone V                                  ;
; Logic utilization (in ALMs)     ; N/A                                        ;
; Total registers                 ; 92                                         ;
; Total pins                      ; 35                                         ;
; Total virtual pins              ; 0                                          ;
; Total block memory bits         ; 0                                          ;
; Total DSP Blocks                ; 0                                          ;
; Total HSSI RX PCSs              ; 0                                          ;
; Total HSSI PMA RX Deserializers ; 0                                          ;
; Total HSSI TX PCSs              ; 0                                          ;
; Total HSSI TX Channels          ; 0                                          ;
; Total PLLs                      ; 0                                          ;
; Total DLLs                      ; 0                                          ;
+---------------------------------+--------------------------------------------+


+---------------------------------------------------------------------------------------------------------------------------+
; Analysis & Synthesis Settings                                                                                             ;
+---------------------------------------------------------------------------------+--------------------+--------------------+
; Option                                                                          ; Setting            ; Default Value      ;
+---------------------------------------------------------------------------------+--------------------+--------------------+
; Device                                                                          ; 5CSEMA5F31C6       ;                    ;
; Top-level entity name                                                           ; ElevatorProject    ; ElevatorProject    ;
; Family name                                                                     ; Cyclone V          ; Cyclone IV GX      ;
; Use smart compilation                                                           ; Off                ; Off                ;
; Enable parallel Assembler and TimeQuest Timing Analyzer during compilation      ; On                 ; On                 ;
; Enable compact report table                                                     ; Off                ; Off                ;
; Restructure Multiplexers                                                        ; Auto               ; Auto               ;
; MLAB Add Timing Constraints For Mixed-Port Feed-Through Mode Setting Don't Care ; Off                ; Off                ;
; Create Debugging Nodes for IP Cores                                             ; Off                ; Off                ;
; Preserve fewer node names                                                       ; On                 ; On                 ;
; Disable OpenCore Plus hardware evaluation                                       ; Off                ; Off                ;
; Verilog Version                                                                 ; Verilog_2001       ; Verilog_2001       ;
; VHDL Version                                                                    ; VHDL_1993          ; VHDL_1993          ;
; State Machine Processing                                                        ; Auto               ; Auto               ;
; Safe State Machine                                                              ; Off                ; Off                ;
; Extract Verilog State Machines                                                  ; On                 ; On                 ;
; Extract VHDL State Machines                                                     ; On                 ; On                 ;
; Ignore Verilog initial constructs                                               ; Off                ; Off                ;
; Iteration limit for constant Verilog loops                                      ; 5000               ; 5000               ;
; Iteration limit for non-constant Verilog loops                                  ; 250                ; 250                ;
; Add Pass-Through Logic to Inferred RAMs                                         ; On                 ; On                 ;
; Infer RAMs from Raw Logic                                                       ; On                 ; On                 ;
; Parallel Synthesis                                                              ; On                 ; On                 ;
; DSP Block Balancing                                                             ; Auto               ; Auto               ;
; NOT Gate Push-Back                                                              ; On                 ; On                 ;
; Power-Up Don't Care                                                             ; On                 ; On                 ;
; Remove Redundant Logic Cells                                                    ; Off                ; Off                ;
; Remove Duplicate Registers                                                      ; On                 ; On                 ;
; Ignore CARRY Buffers                                                            ; Off                ; Off                ;
; Ignore CASCADE Buffers                                                          ; Off                ; Off                ;
; Ignore GLOBAL Buffers                                                           ; Off                ; Off                ;
; Ignore ROW GLOBAL Buffers                                                       ; Off                ; Off                ;
; Ignore LCELL Buffers                                                            ; Off                ; Off                ;
; Ignore SOFT Buffers                                                             ; On                 ; On                 ;
; Limit AHDL Integers to 32 Bits                                                  ; Off                ; Off                ;
; Optimization Technique                                                          ; Balanced           ; Balanced           ;
; Carry Chain Length                                                              ; 70                 ; 70                 ;
; Auto Carry Chains                                                               ; On                 ; On                 ;
; Auto Open-Drain Pins                                                            ; On                 ; On                 ;
; Perform WYSIWYG Primitive Resynthesis                                           ; Off                ; Off                ;
; Auto ROM Replacement                                                            ; On                 ; On                 ;
; Auto RAM Replacement                                                            ; On                 ; On                 ;
; Auto DSP Block Replacement                                                      ; On                 ; On                 ;
; Auto Shift Register Replacement                                                 ; Auto               ; Auto               ;
; Allow Shift Register Merging across Hierarchies                                 ; Auto               ; Auto               ;
; Auto Clock Enable Replacement                                                   ; On                 ; On                 ;
; Strict RAM Replacement                                                          ; Off                ; Off                ;
; Allow Synchronous Control Signals                                               ; On                 ; On                 ;
; Force Use of Synchronous Clear Signals                                          ; Off                ; Off                ;
; Auto Resource Sharing                                                           ; Off                ; Off                ;
; Allow Any RAM Size For Recognition                                              ; Off                ; Off                ;
; Allow Any ROM Size For Recognition                                              ; Off                ; Off                ;
; Allow Any Shift Register Size For Recognition                                   ; Off                ; Off                ;
; Use LogicLock Constraints during Resource Balancing                             ; On                 ; On                 ;
; Ignore translate_off and synthesis_off directives                               ; Off                ; Off                ;
; Timing-Driven Synthesis                                                         ; On                 ; On                 ;
; Report Parameter Settings                                                       ; On                 ; On                 ;
; Report Source Assignments                                                       ; On                 ; On                 ;
; Report Connectivity Checks                                                      ; On                 ; On                 ;
; Ignore Maximum Fan-Out Assignments                                              ; Off                ; Off                ;
; Synchronization Register Chain Length                                           ; 3                  ; 3                  ;
; PowerPlay Power Optimization                                                    ; Normal compilation ; Normal compilation ;
; HDL message level                                                               ; Level2             ; Level2             ;
; Suppress Register Optimization Related Messages                                 ; Off                ; Off                ;
; Number of Removed Registers Reported in Synthesis Report                        ; 5000               ; 5000               ;
; Number of Swept Nodes Reported in Synthesis Report                              ; 5000               ; 5000               ;
; Number of Inverted Registers Reported in Synthesis Report                       ; 100                ; 100                ;
; Clock MUX Protection                                                            ; On                 ; On                 ;
; Auto Gated Clock Conversion                                                     ; Off                ; Off                ;
; Block Design Naming                                                             ; Auto               ; Auto               ;
; SDC constraint protection                                                       ; Off                ; Off                ;
; Synthesis Effort                                                                ; Auto               ; Auto               ;
; Shift Register Replacement - Allow Asynchronous Clear Signal                    ; On                 ; On                 ;
; Pre-Mapping Resynthesis Optimization                                            ; Off                ; Off                ;
; Analysis & Synthesis Message Level                                              ; Medium             ; Medium             ;
; Disable Register Merging Across Hierarchies                                     ; Auto               ; Auto               ;
; Resource Aware Inference For Block RAM                                          ; On                 ; On                 ;
; Synthesis Seed                                                                  ; 1                  ; 1                  ;
; Automatic Parallel Synthesis                                                    ; On                 ; On                 ;
+---------------------------------------------------------------------------------+--------------------+--------------------+


Parallel compilation was disabled, but you have multiple processors available. Enable parallel compilation to reduce compilation time.
+-------------------------------------+
; Parallel Compilation                ;
+----------------------------+--------+
; Processors                 ; Number ;
+----------------------------+--------+
; Number detected on machine ; 8      ;
; Maximum allowed            ; 1      ;
+----------------------------+--------+


+------------------------------------------------------------------------------------------------------------------------------------------------------+
; Analysis & Synthesis Source Files Read                                                                                                               ;
+----------------------------------+-----------------+------------------------+--------------------------------------------------------------+---------+
; File Name with User-Entered Path ; Used in Netlist ; File Type              ; File Name with Absolute Path                                 ; Library ;
+----------------------------------+-----------------+------------------------+--------------------------------------------------------------+---------+
; closest_idle_calculator.v        ; yes             ; User Verilog HDL File  ; E:/Digital Circuits III/Project 2/closest_idle_calculator.v  ;         ;
; ElevatorProject.v                ; yes             ; User Verilog HDL File  ; E:/Digital Circuits III/Project 2/ElevatorProject.v          ;         ;
; clockdivider.v                   ; yes             ; User Verilog HDL File  ; E:/Digital Circuits III/Project 2/clockdivider.v             ;         ;
; dual_seven_segment.v             ; yes             ; User Verilog HDL File  ; E:/Digital Circuits III/Project 2/dual_seven_segment.v       ;         ;
; closest_floor_calculator.v       ; yes             ; User Verilog HDL File  ; E:/Digital Circuits III/Project 2/closest_floor_calculator.v ;         ;
+----------------------------------+-----------------+------------------------+--------------------------------------------------------------+---------+


+---------------------------------------------------------------+
; Analysis & Synthesis Resource Usage Summary                   ;
+---------------------------------------------+-----------------+
; Resource                                    ; Usage           ;
+---------------------------------------------+-----------------+
; Estimate of Logic utilization (ALMs needed) ; 151             ;
;                                             ;                 ;
; Combinational ALUT usage for logic          ; 243             ;
;     -- 7 input functions                    ; 7               ;
;     -- 6 input functions                    ; 52              ;
;     -- 5 input functions                    ; 37              ;
;     -- 4 input functions                    ; 45              ;
;     -- <=3 input functions                  ; 102             ;
;                                             ;                 ;
; Dedicated logic registers                   ; 92              ;
;                                             ;                 ;
; I/O pins                                    ; 35              ;
; Total DSP Blocks                            ; 0               ;
; Maximum fan-out node                        ; currentFloor[0] ;
; Maximum fan-out                             ; 58              ;
; Total fan-out                               ; 1290            ;
; Average fan-out                             ; 3.19            ;
+---------------------------------------------+-----------------+


+--------------------------------------------------------------------------------------------------------------------------------------------------------------------------------------------+
; Analysis & Synthesis Resource Utilization by Entity                                                                                                                                        ;
+-----------------------------------+-------------------+--------------+-------------------+------------+------+--------------+-----------------------------------------------+--------------+
; Compilation Hierarchy Node        ; LC Combinationals ; LC Registers ; Block Memory Bits ; DSP Blocks ; Pins ; Virtual Pins ; Full Hierarchy Name                           ; Library Name ;
+-----------------------------------+-------------------+--------------+-------------------+------------+------+--------------+-----------------------------------------------+--------------+
; |ElevatorProject                  ; 243 (78)          ; 92 (54)      ; 0                 ; 0          ; 35   ; 0            ; |ElevatorProject                              ; work         ;
;    |clockdivider:c1|              ; 40 (40)           ; 33 (33)      ; 0                 ; 0          ; 0    ; 0            ; |ElevatorProject|clockdivider:c1              ; work         ;
;    |closest_floor_calculator:cfc| ; 115 (115)         ; 4 (4)        ; 0                 ; 0          ; 0    ; 0            ; |ElevatorProject|closest_floor_calculator:cfc ; work         ;
;    |closest_idle_calculator:cfic| ; 2 (2)             ; 1 (1)        ; 0                 ; 0          ; 0    ; 0            ; |ElevatorProject|closest_idle_calculator:cfic ; work         ;
;    |dual_seven_seg:s1|            ; 8 (8)             ; 0 (0)        ; 0                 ; 0          ; 0    ; 0            ; |ElevatorProject|dual_seven_seg:s1            ; work         ;
+-----------------------------------+-------------------+--------------+-------------------+------------+------+--------------+-----------------------------------------------+--------------+
Note: For table entries with two numbers listed, the numbers in parentheses indicate the number of resources of the given type used by the specific entity alone. The numbers listed outside of parentheses indicate the total resources of the given type used by the specific entity and all of its sub-entities in the hierarchy.


Encoding Type:  One-Hot
+------------------------------------------------------+
; State Machine - |ElevatorProject|state               ;
+----------+----------+----------+----------+----------+
; Name     ; state.S3 ; state.S2 ; state.S1 ; state.S0 ;
+----------+----------+----------+----------+----------+
; state.S0 ; 0        ; 0        ; 0        ; 0        ;
; state.S1 ; 0        ; 0        ; 1        ; 1        ;
; state.S2 ; 0        ; 1        ; 0        ; 1        ;
; state.S3 ; 1        ; 0        ; 0        ; 1        ;
+----------+----------+----------+----------+----------+


+-----------------------------------------------------------------------------------------------------------+
; Registers Removed During Synthesis                                                                        ;
+------------------------------------------------+----------------------------------------------------------+
; Register name                                  ; Reason for Removal                                       ;
+------------------------------------------------+----------------------------------------------------------+
; closest_idle_calculator:cfic|closestFloor[2]   ; Stuck at GND due to stuck port data_in                   ;
; closest_idle_calculator:cfic|closestFloor[1,3] ; Merged with closest_idle_calculator:cfic|closestFloor[0] ;
; state~2                                        ; Lost fanout                                              ;
; state~3                                        ; Lost fanout                                              ;
; Total Number of Removed Registers = 5          ;                                                          ;
+------------------------------------------------+----------------------------------------------------------+


+------------------------------------------------------+
; General Register Statistics                          ;
+----------------------------------------------+-------+
; Statistic                                    ; Value ;
+----------------------------------------------+-------+
; Total registers                              ; 92    ;
; Number of registers using Synchronous Clear  ; 64    ;
; Number of registers using Synchronous Load   ; 0     ;
; Number of registers using Asynchronous Clear ; 0     ;
; Number of registers using Asynchronous Load  ; 0     ;
; Number of registers using Clock Enable       ; 36    ;
; Number of registers using Preset             ; 0     ;
+----------------------------------------------+-------+


+--------------------------------------------------+
; Inverted Register Statistics                     ;
+----------------------------------------+---------+
; Inverted Register                      ; Fan out ;
+----------------------------------------+---------+
; currentFloor[0]                        ; 58      ;
; destinationFloor[0]                    ; 3       ;
; Total number of inverted registers = 2 ;         ;
+----------------------------------------+---------+


+-----------------------------------------------------------------------------------------------------------------------------------------------------------------------------+
; Multiplexer Restructuring Statistics (Restructuring Performed)                                                                                                              ;
+--------------------+-----------+---------------+----------------------+------------------------+------------+---------------------------------------------------------------+
; Multiplexer Inputs ; Bus Width ; Baseline Area ; Area if Restructured ; Saving if Restructured ; Registered ; Example Multiplexer Output                                    ;
+--------------------+-----------+---------------+----------------------+------------------------+------------+---------------------------------------------------------------+
; 5:1                ; 2 bits    ; 6 LEs         ; 2 LEs                ; 4 LEs                  ; Yes        ; |ElevatorProject|destinationFloor[1]                          ;
; 5:1                ; 3 bits    ; 9 LEs         ; 3 LEs                ; 6 LEs                  ; Yes        ; |ElevatorProject|currentFloor[3]                              ;
; 7:1                ; 2 bits    ; 8 LEs         ; 8 LEs                ; 0 LEs                  ; Yes        ; |ElevatorProject|closest_floor_calculator:cfc|closestFloor[2] ;
; 10:1               ; 32 bits   ; 192 LEs       ; 0 LEs                ; 192 LEs                ; Yes        ; |ElevatorProject|count[28]                                    ;
; 3:1                ; 2 bits    ; 4 LEs         ; 4 LEs                ; 0 LEs                  ; No         ; |ElevatorProject|closest_floor_calculator:cfc|F7diff[1]       ;
; 3:1                ; 3 bits    ; 6 LEs         ; 6 LEs                ; 0 LEs                  ; No         ; |ElevatorProject|closest_floor_calculator:cfc|F8diff[3]       ;
; 3:1                ; 3 bits    ; 6 LEs         ; 6 LEs                ; 0 LEs                  ; No         ; |ElevatorProject|closest_floor_calculator:cfc|F6diff[3]       ;
; 3:1                ; 3 bits    ; 6 LEs         ; 6 LEs                ; 0 LEs                  ; No         ; |ElevatorProject|closest_floor_calculator:cfc|F4diff[1]       ;
; 3:1                ; 3 bits    ; 6 LEs         ; 6 LEs                ; 0 LEs                  ; No         ; |ElevatorProject|closest_floor_calculator:cfc|F3diff[2]       ;
; 3:1                ; 3 bits    ; 6 LEs         ; 6 LEs                ; 0 LEs                  ; No         ; |ElevatorProject|closest_floor_calculator:cfc|F2diff[1]       ;
; 3:1                ; 3 bits    ; 6 LEs         ; 6 LEs                ; 0 LEs                  ; No         ; |ElevatorProject|closest_floor_calculator:cfc|F9diff[3]       ;
; 3:1                ; 3 bits    ; 6 LEs         ; 6 LEs                ; 0 LEs                  ; No         ; |ElevatorProject|closest_floor_calculator:cfc|F5diff[3]       ;
; 10:1               ; 4 bits    ; 24 LEs        ; 12 LEs               ; 12 LEs                 ; No         ; |ElevatorProject|Selector2                                    ;
+--------------------+-----------+---------------+----------------------+------------------------+------------+---------------------------------------------------------------+


+---------------------------------------------------------------------------------+
; Parameter Settings for User Entity Instance: Top-level Entity: |ElevatorProject ;
+----------------+-------+--------------------------------------------------------+
; Parameter Name ; Value ; Type                                                   ;
+----------------+-------+--------------------------------------------------------+
; S0             ; 00    ; Unsigned Binary                                        ;
; S1             ; 01    ; Unsigned Binary                                        ;
; S2             ; 10    ; Unsigned Binary                                        ;
; S3             ; 11    ; Unsigned Binary                                        ;
; F1             ; 0001  ; Unsigned Binary                                        ;
; F2             ; 0010  ; Unsigned Binary                                        ;
; F3             ; 0011  ; Unsigned Binary                                        ;
; F4             ; 0100  ; Unsigned Binary                                        ;
; F5             ; 0101  ; Unsigned Binary                                        ;
; F6             ; 0110  ; Unsigned Binary                                        ;
; F7             ; 0111  ; Unsigned Binary                                        ;
; F8             ; 1000  ; Unsigned Binary                                        ;
; F9             ; 1001  ; Unsigned Binary                                        ;
; F10            ; 1010  ; Unsigned Binary                                        ;
+----------------+-------+--------------------------------------------------------+
Note: In order to hide this table in the UI and the text report file, please set the "Show Parameter Settings in Synthesis Report" option in "Analysis and Synthesis Settings -> More Settings" to "Off".


+---------------------------------------------------------------------------+
; Parameter Settings for User Entity Instance: closest_floor_calculator:cfc ;
+----------------+-------+--------------------------------------------------+
; Parameter Name ; Value ; Type                                             ;
+----------------+-------+--------------------------------------------------+
; F1             ; 0001  ; Unsigned Binary                                  ;
; F2             ; 0010  ; Unsigned Binary                                  ;
; F3             ; 0011  ; Unsigned Binary                                  ;
; F4             ; 0100  ; Unsigned Binary                                  ;
; F5             ; 0101  ; Unsigned Binary                                  ;
; F6             ; 0110  ; Unsigned Binary                                  ;
; F7             ; 0111  ; Unsigned Binary                                  ;
; F8             ; 1000  ; Unsigned Binary                                  ;
; F9             ; 1001  ; Unsigned Binary                                  ;
; F10            ; 1010  ; Unsigned Binary                                  ;
+----------------+-------+--------------------------------------------------+
Note: In order to hide this table in the UI and the text report file, please set the "Show Parameter Settings in Synthesis Report" option in "Analysis and Synthesis Settings -> More Settings" to "Off".


+---------------------------------------------------------------------------+
; Parameter Settings for User Entity Instance: closest_idle_calculator:cfic ;
+----------------+-------+--------------------------------------------------+
; Parameter Name ; Value ; Type                                             ;
+----------------+-------+--------------------------------------------------+
; F1             ; 0001  ; Unsigned Binary                                  ;
; F10            ; 1010  ; Unsigned Binary                                  ;
+----------------+-------+--------------------------------------------------+
Note: In order to hide this table in the UI and the text report file, please set the "Show Parameter Settings in Synthesis Report" option in "Analysis and Synthesis Settings -> More Settings" to "Off".


+-------------------------------+
; Elapsed Time Per Partition    ;
+----------------+--------------+
; Partition Name ; Elapsed Time ;
+----------------+--------------+
; Top            ; 00:00:02     ;
+----------------+--------------+


+-------------------------------+
; Analysis & Synthesis Messages ;
+-------------------------------+
Info: *******************************************************************
Info: Running Quartus II 64-Bit Analysis & Synthesis
    Info: Version 13.1.0 Build 162 10/23/2013 SJ Web Edition
    Info: Processing started: Tue May 02 22:19:04 2017
Info: Command: quartus_map --read_settings_files=on --write_settings_files=off ElevatorProject -c ElevatorProject
Warning (20028): Parallel compilation is not licensed and has been disabled
Info (12021): Found 1 design units, including 1 entities, in source file closest_idle_calculator.v
    Info (12023): Found entity 1: closest_idle_calculator
Info (12021): Found 1 design units, including 1 entities, in source file elevatorproject.v
    Info (12023): Found entity 1: ElevatorProject
Info (12021): Found 1 design units, including 1 entities, in source file clockdivider.v
    Info (12023): Found entity 1: clockdivider
Info (12021): Found 1 design units, including 1 entities, in source file dual_seven_segment.v
    Info (12023): Found entity 1: dual_seven_seg
Info (12021): Found 1 design units, including 1 entities, in source file closest_floor_calculator.v
    Info (12023): Found entity 1: closest_floor_calculator
Info (12127): Elaborating entity "ElevatorProject" for the top level hierarchy
Warning (10230): Verilog HDL assignment warning at ElevatorProject.v(204): truncated value with size 32 to match size of target (4)
Warning (10230): Verilog HDL assignment warning at ElevatorProject.v(211): truncated value with size 32 to match size of target (4)
Info (12128): Elaborating entity "clockdivider" for hierarchy "clockdivider:c1"
Info (12128): Elaborating entity "dual_seven_seg" for hierarchy "dual_seven_seg:s1"
Info (12128): Elaborating entity "closest_floor_calculator" for hierarchy "closest_floor_calculator:cfc"
Info (12128): Elaborating entity "closest_idle_calculator" for hierarchy "closest_idle_calculator:cfic"
Warning (13024): Output pins are stuck at VCC or GND
    Warning (13410): Pin "floorNumberOut[7]" is stuck at VCC
    Warning (13410): Pin "floorNumberOut[8]" is stuck at VCC
    Warning (13410): Pin "floorNumberOut[9]" is stuck at VCC
    Warning (13410): Pin "floorNumberOut[10]" is stuck at VCC
    Warning (13410): Pin "floorNumberOut[13]" is stuck at VCC
Info (286030): Timing-Driven Synthesis is running
Info (17049): 2 registers lost all their fanouts during netlist optimizations.
Info (144001): Generated suppressed messages file E:/Digital Circuits III/Project 2/output_files/ElevatorProject.map.smsg
Info (16010): Generating hard_block partition "hard_block:auto_generated_inst"
    Info (16011): Adding 0 node(s), including 0 DDIO, 0 PLL, 0 transceiver and 0 LCELL
Info (21057): Implemented 280 device resources after synthesis - the final resource count might be different
    Info (21058): Implemented 11 input pins
    Info (21059): Implemented 24 output pins
    Info (21061): Implemented 245 logic cells
Info: Quartus II 64-Bit Analysis & Synthesis was successful. 0 errors, 9 warnings
    Info: Peak virtual memory: 544 megabytes
    Info: Processing ended: Tue May 02 22:19:10 2017
    Info: Elapsed time: 00:00:06
    Info: Total CPU time (on all processors): 00:00:04


+------------------------------------------+
; Analysis & Synthesis Suppressed Messages ;
+------------------------------------------+
The suppressed messages can be found in E:/Digital Circuits III/Project 2/output_files/ElevatorProject.map.smsg.


