Flow report for Lab4
Tue Mar 28 21:07:13 2017
Quartus II 64-Bit Version 13.1.0 Build 162 10/23/2013 SJ Web Edition


---------------------
; Table of Contents ;
---------------------
  1. Legal Notice
  2. Flow Summary
  3. Flow Settings
  4. Flow Non-Default Global Settings
  5. Flow Elapsed Time
  6. Flow OS Summary
  7. Flow Log
  8. Flow Messages
  9. Flow Suppressed Messages



----------------
; Legal Notice ;
----------------
Copyright (C) 1991-2013 Altera Corporation
Your use of Altera Corporation's design tools, logic functions 
and other software and tools, and its AMPP partner logic 
functions, and any output files from any of the foregoing 
(including device programming or simulation files), and any 
associated documentation or information are expressly subject 
to the terms and conditions of the Altera Program License 
Subscription Agreement, Altera MegaCore Function License 
Agreement, or other applicable license agreement, including, 
without limitation, that your use is for the sole purpose of 
programming logic devices manufactured by Altera and sold by 
Altera or its authorized distributors.  Please refer to the 
applicable agreement for further details.



+------------------------------------------------------------------------------+
; Flow Summary                                                                 ;
+---------------------------------+--------------------------------------------+
; Flow Status                     ; Successful - Tue Mar 28 21:07:13 2017      ;
; Quartus II 64-Bit Version       ; 13.1.0 Build 162 10/23/2013 SJ Web Edition ;
; Revision Name                   ; Lab4                                       ;
; Top-level Entity Name           ; eight_bit_counter                          ;
; Family                          ; Cyclone V                                  ;
; Device                          ; 5CSEMA5F31C6                               ;
; Timing Models                   ; Preliminary                                ;
; Logic utilization (in ALMs)     ; 6 / 32,070 ( < 1 % )                       ;
; Total registers                 ; 8                                          ;
; Total pins                      ; 11 / 457 ( 2 % )                           ;
; Total virtual pins              ; 0                                          ;
; Total block memory bits         ; 0 / 4,065,280 ( 0 % )                      ;
; Total DSP Blocks                ; 0 / 87 ( 0 % )                             ;
; Total HSSI RX PCSs              ; 0                                          ;
; Total HSSI PMA RX Deserializers ; 0                                          ;
; Total HSSI TX PCSs              ; 0                                          ;
; Total HSSI TX Channels          ; 0                                          ;
; Total PLLs                      ; 0 / 6 ( 0 % )                              ;
; Total DLLs                      ; 0 / 4 ( 0 % )                              ;
+---------------------------------+--------------------------------------------+


+-----------------------------------------+
; Flow Settings                           ;
+-------------------+---------------------+
; Option            ; Setting             ;
+-------------------+---------------------+
; Start date & time ; 03/28/2017 21:05:52 ;
; Main task         ; Compilation         ;
; Revision Name     ; Lab4                ;
+-------------------+---------------------+


+----------------------------------------------------------------------------------------------------------------------------+
; Flow Non-Default Global Settings                                                                                           ;
+-------------------------------------+---------------------------------+---------------+-------------------+----------------+
; Assignment Name                     ; Value                           ; Default Value ; Entity Name       ; Section Id     ;
+-------------------------------------+---------------------------------+---------------+-------------------+----------------+
; COMPILER_SIGNATURE_ID               ; 273440548057549.149075675207804 ; --            ; --                ; --             ;
; EDA_OUTPUT_DATA_FORMAT              ; Verilog Hdl                     ; --            ; --                ; eda_simulation ;
; EDA_SIMULATION_TOOL                 ; ModelSim-Altera (Verilog)       ; <None>        ; --                ; --             ;
; MAX_CORE_JUNCTION_TEMP              ; 85                              ; --            ; --                ; --             ;
; MIN_CORE_JUNCTION_TEMP              ; 0                               ; --            ; --                ; --             ;
; PARTITION_COLOR                     ; 16764057                        ; --            ; eight_bit_counter ; Top            ;
; PARTITION_FITTER_PRESERVATION_LEVEL ; PLACEMENT_AND_ROUTING           ; --            ; eight_bit_counter ; Top            ;
; PARTITION_NETLIST_TYPE              ; SOURCE                          ; --            ; eight_bit_counter ; Top            ;
; PROJECT_OUTPUT_DIRECTORY            ; output_files                    ; --            ; --                ; --             ;
; TOP_LEVEL_ENTITY                    ; eight_bit_counter               ; Lab4          ; --                ; --             ;
+-------------------------------------+---------------------------------+---------------+-------------------+----------------+


+-------------------------------------------------------------------------------------------------------------------------------+
; Flow Elapsed Time                                                                                                             ;
+---------------------------+--------------+-------------------------+---------------------+------------------------------------+
; Module Name               ; Elapsed Time ; Average Processors Used ; Peak Virtual Memory ; Total CPU Time (on all processors) ;
+---------------------------+--------------+-------------------------+---------------------+------------------------------------+
; Analysis & Synthesis      ; 00:00:03     ; 1.0                     ; 524 MB              ; 00:00:01                           ;
; Fitter                    ; 00:00:38     ; 1.0                     ; 1600 MB             ; 00:00:36                           ;
; Assembler                 ; 00:00:24     ; 1.0                     ; 636 MB              ; 00:00:09                           ;
; TimeQuest Timing Analyzer ; 00:00:08     ; 1.0                     ; 789 MB              ; 00:00:05                           ;
; EDA Netlist Writer        ; 00:00:02     ; 1.0                     ; 481 MB              ; 00:00:01                           ;
; Total                     ; 00:01:15     ; --                      ; --                  ; 00:00:52                           ;
+---------------------------+--------------+-------------------------+---------------------+------------------------------------+


+----------------------------------------------------------------------------------------+
; Flow OS Summary                                                                        ;
+---------------------------+------------------+-----------+------------+----------------+
; Module Name               ; Machine Hostname ; OS Name   ; OS Version ; Processor type ;
+---------------------------+------------------+-----------+------------+----------------+
; Analysis & Synthesis      ; MS1409           ; Windows 7 ; 6.1        ; x86_64         ;
; Fitter                    ; MS1409           ; Windows 7 ; 6.1        ; x86_64         ;
; Assembler                 ; MS1409           ; Windows 7 ; 6.1        ; x86_64         ;
; TimeQuest Timing Analyzer ; MS1409           ; Windows 7 ; 6.1        ; x86_64         ;
; EDA Netlist Writer        ; MS1409           ; Windows 7 ; 6.1        ; x86_64         ;
+---------------------------+------------------+-----------+------------+----------------+


------------
; Flow Log ;
------------
quartus_map --read_settings_files=on --write_settings_files=off Lab4 -c Lab4
quartus_fit --read_settings_files=off --write_settings_files=off Lab4 -c Lab4
quartus_asm --read_settings_files=off --write_settings_files=off Lab4 -c Lab4
quartus_sta Lab4 -c Lab4
quartus_eda --read_settings_files=off --write_settings_files=off Lab4 -c Lab4



